2018-07-20 00:01:05.9424|Microsoft.AspNetCore.Diagnostics.DeveloperExceptionPageMiddleware|ERROR|An unhandled exception has occurred while executing the request Cannot implicitly convert type 'System.Collections.Generic.List<NetCoreBBS.Entities.TopicNode>' to 'System.Collections.Generic.IEnumerable<Microsoft.AspNetCore.Mvc.Rendering.SelectListItem>'. An explicit conversion exists (are you missing a cast?)
2018-07-20 00:03:26.3320|Microsoft.AspNetCore.Diagnostics.DeveloperExceptionPageMiddleware|ERROR|An unhandled exception has occurred while executing the request One or more compilation failures occurred:
D:\VisualStudio\NETCoreBBS\src\NetCoreBBS\Views\Node\Create.cshtml(19,63): error CS0266: Cannot implicitly convert type 'System.Collections.Generic.List<NetCoreBBS.Entities.TopicNode>' to 'System.Collections.Generic.IEnumerable<Microsoft.AspNetCore.Mvc.Rendering.SelectListItem>'. An explicit conversion exists (are you missing a cast?)
2018-07-20 00:03:49.0624|Microsoft.AspNetCore.Diagnostics.DeveloperExceptionPageMiddleware|ERROR|An unhandled exception has occurred while executing the request Cannot implicitly convert type 'System.Collections.Generic.List<NetCoreBBS.Entities.TopicNode>' to 'System.Collections.Generic.IEnumerable<Microsoft.AspNetCore.Mvc.Rendering.SelectListItem>'. An explicit conversion exists (are you missing a cast?)
2018-07-20 00:06:50.5471|Microsoft.AspNetCore.Diagnostics.DeveloperExceptionPageMiddleware|ERROR|An unhandled exception has occurred while executing the request Cannot implicitly convert type 'Microsoft.EntityFrameworkCore.Internal.InternalDbSet<NetCoreBBS.Entities.TopicNode>' to 'System.Collections.Generic.IEnumerable<Microsoft.AspNetCore.Mvc.Rendering.SelectListItem>'. An explicit conversion exists (are you missing a cast?)
2018-07-20 00:06:54.9187|Microsoft.AspNetCore.Diagnostics.DeveloperExceptionPageMiddleware|ERROR|An unhandled exception has occurred while executing the request Cannot implicitly convert type 'Microsoft.EntityFrameworkCore.Internal.InternalDbSet<NetCoreBBS.Entities.TopicNode>' to 'System.Collections.Generic.IEnumerable<Microsoft.AspNetCore.Mvc.Rendering.SelectListItem>'. An explicit conversion exists (are you missing a cast?)
2018-07-20 00:07:51.4541|Microsoft.AspNetCore.Diagnostics.DeveloperExceptionPageMiddleware|ERROR|An unhandled exception has occurred while executing the request Cannot implicitly convert type 'Microsoft.EntityFrameworkCore.Internal.InternalDbSet<NetCoreBBS.Entities.TopicNode>' to 'System.Collections.Generic.IEnumerable<Microsoft.AspNetCore.Mvc.Rendering.SelectListItem>'. An explicit conversion exists (are you missing a cast?)
2018-07-20 00:18:01.2672|Microsoft.AspNetCore.Diagnostics.DeveloperExceptionPageMiddleware|ERROR|An unhandled exception has occurred while executing the request Cannot implicitly convert type 'Microsoft.EntityFrameworkCore.Internal.InternalDbSet<NetCoreBBS.Entities.TopicNode>' to 'System.Collections.Generic.IEnumerable<Microsoft.AspNetCore.Mvc.Rendering.SelectListItem>'. An explicit conversion exists (are you missing a cast?)
2018-07-20 00:18:02.1068|Microsoft.AspNetCore.Diagnostics.DeveloperExceptionPageMiddleware|ERROR|An unhandled exception has occurred while executing the request Cannot implicitly convert type 'Microsoft.EntityFrameworkCore.Internal.InternalDbSet<NetCoreBBS.Entities.TopicNode>' to 'System.Collections.Generic.IEnumerable<Microsoft.AspNetCore.Mvc.Rendering.SelectListItem>'. An explicit conversion exists (are you missing a cast?)
2018-07-20 00:22:05.2643|Microsoft.AspNetCore.Diagnostics.DeveloperExceptionPageMiddleware|ERROR|An unhandled exception has occurred while executing the request Object reference not set to an instance of an object.
2018-07-20 00:22:31.3133|Microsoft.AspNetCore.Diagnostics.DeveloperExceptionPageMiddleware|ERROR|An unhandled exception has occurred while executing the request Object reference not set to an instance of an object.
2018-07-20 00:23:05.6950|Microsoft.AspNetCore.Diagnostics.DeveloperExceptionPageMiddleware|ERROR|An unhandled exception has occurred while executing the request Object reference not set to an instance of an object.
2018-07-20 00:25:17.8304|Microsoft.AspNetCore.Diagnostics.DeveloperExceptionPageMiddleware|ERROR|An unhandled exception has occurred while executing the request Object reference not set to an instance of an object.
2018-07-20 00:26:35.0082|Microsoft.AspNetCore.Diagnostics.DeveloperExceptionPageMiddleware|ERROR|An unhandled exception has occurred while executing the request Object reference not set to an instance of an object.
2018-07-20 00:27:39.4852|Microsoft.AspNetCore.Diagnostics.DeveloperExceptionPageMiddleware|ERROR|An unhandled exception has occurred while executing the request Object reference not set to an instance of an object.
2018-07-20 00:31:43.0443|Microsoft.AspNetCore.Diagnostics.DeveloperExceptionPageMiddleware|ERROR|An unhandled exception has occurred while executing the request Object reference not set to an instance of an object.
2018-07-20 00:37:09.6334|Microsoft.AspNetCore.Diagnostics.DeveloperExceptionPageMiddleware|ERROR|An unhandled exception has occurred while executing the request The instance of entity type 'TopicNode' cannot be tracked because another instance with the same key value for {'Id'} is already being tracked. When attaching existing entities, ensure that only one entity instance with a given key value is attached. Consider using 'DbContextOptionsBuilder.EnableSensitiveDataLogging' to see the conflicting key values.
2018-07-20 00:37:48.0425|Microsoft.AspNetCore.Diagnostics.DeveloperExceptionPageMiddleware|ERROR|An unhandled exception has occurred while executing the request The instance of entity type 'TopicNode' cannot be tracked because another instance with the same key value for {'Id'} is already being tracked. When attaching existing entities, ensure that only one entity instance with a given key value is attached. Consider using 'DbContextOptionsBuilder.EnableSensitiveDataLogging' to see the conflicting key values.
2018-07-20 00:38:15.7315|Microsoft.EntityFrameworkCore.Database.Command|ERROR|Failed executing DbCommand (22ms) [Parameters=[@p0='?', @p1='?', @p2='?', @p3='?', @p4='?', @p5='?', @p6='?'], CommandType='Text', CommandTimeout='30']
INSERT INTO "TopicNode" ("Id", "CreateOn", "Description", "Name", "NodeName", "Order", "ParentId")
VALUES (@p0, @p1, @p2, @p3, @p4, @p5, @p6); SQLite Error 19: 'UNIQUE constraint failed: TopicNode.Id'.
2018-07-20 00:38:15.7492|Microsoft.EntityFrameworkCore.Update|ERROR|An exception occurred in the database while saving changes for context type 'NetCoreBBS.Infrastructure.DataContext'.
Microsoft.EntityFrameworkCore.DbUpdateException: An error occurred while updating the entries. See the inner exception for details. ---> Microsoft.Data.Sqlite.SqliteException: SQLite Error 19: 'UNIQUE constraint failed: TopicNode.Id'.
   at Microsoft.Data.Sqlite.SqliteException.ThrowExceptionForRC(Int32 rc, sqlite3 db)
   at Microsoft.Data.Sqlite.SqliteCommand.ExecuteReader(CommandBehavior behavior)
   at Microsoft.EntityFrameworkCore.Storage.Internal.RelationalCommand.Execute(IRelationalConnection connection, DbCommandMethod executeMethod, IReadOnlyDictionary`2 parameterValues)
   at Microsoft.EntityFrameworkCore.Storage.Internal.RelationalCommand.ExecuteReader(IRelationalConnection connection, IReadOnlyDictionary`2 parameterValues)
   at Microsoft.EntityFrameworkCore.Update.ReaderModificationCommandBatch.Execute(IRelationalConnection connection)
   --- End of inner exception stack trace ---
   at Microsoft.EntityFrameworkCore.Update.ReaderModificationCommandBatch.Execute(IRelationalConnection connection)
   at Microsoft.EntityFrameworkCore.Update.Internal.BatchExecutor.Execute(Tuple`2 parameters)
   at Microsoft.EntityFrameworkCore.Update.Internal.BatchExecutor.Execute(IEnumerable`1 commandBatches, IRelationalConnection connection)
   at Microsoft.EntityFrameworkCore.ChangeTracking.Internal.StateManager.SaveChanges(IReadOnlyList`1 entriesToSave)
   at Microsoft.EntityFrameworkCore.ChangeTracking.Internal.StateManager.SaveChanges(Boolean acceptAllChangesOnSuccess)
   at Microsoft.EntityFrameworkCore.DbContext.SaveChanges(Boolean acceptAllChangesOnSuccess) An error occurred while updating the entries. See the inner exception for details.
2018-07-20 00:38:47.3601|Microsoft.AspNetCore.Diagnostics.DeveloperExceptionPageMiddleware|ERROR|An unhandled exception has occurred while executing the request An error occurred while updating the entries. See the inner exception for details.
2018-07-20 00:38:59.1801|Microsoft.EntityFrameworkCore.Database.Command|ERROR|Failed executing DbCommand (2ms) [Parameters=[@p0='?', @p1='?', @p2='?', @p3='?', @p4='?', @p5='?', @p6='?'], CommandType='Text', CommandTimeout='30']
INSERT INTO "TopicNode" ("Id", "CreateOn", "Description", "Name", "NodeName", "Order", "ParentId")
VALUES (@p0, @p1, @p2, @p3, @p4, @p5, @p6); SQLite Error 19: 'UNIQUE constraint failed: TopicNode.Id'.
2018-07-20 00:38:59.1801|Microsoft.EntityFrameworkCore.Update|ERROR|An exception occurred in the database while saving changes for context type 'NetCoreBBS.Infrastructure.DataContext'.
Microsoft.EntityFrameworkCore.DbUpdateException: An error occurred while updating the entries. See the inner exception for details. ---> Microsoft.Data.Sqlite.SqliteException: SQLite Error 19: 'UNIQUE constraint failed: TopicNode.Id'.
   at Microsoft.Data.Sqlite.SqliteException.ThrowExceptionForRC(Int32 rc, sqlite3 db)
   at Microsoft.Data.Sqlite.SqliteCommand.ExecuteReader(CommandBehavior behavior)
   at Microsoft.EntityFrameworkCore.Storage.Internal.RelationalCommand.Execute(IRelationalConnection connection, DbCommandMethod executeMethod, IReadOnlyDictionary`2 parameterValues)
   at Microsoft.EntityFrameworkCore.Storage.Internal.RelationalCommand.ExecuteReader(IRelationalConnection connection, IReadOnlyDictionary`2 parameterValues)
   at Microsoft.EntityFrameworkCore.Update.ReaderModificationCommandBatch.Execute(IRelationalConnection connection)
   --- End of inner exception stack trace ---
   at Microsoft.EntityFrameworkCore.Update.ReaderModificationCommandBatch.Execute(IRelationalConnection connection)
   at Microsoft.EntityFrameworkCore.Update.Internal.BatchExecutor.Execute(Tuple`2 parameters)
   at Microsoft.EntityFrameworkCore.Update.Internal.BatchExecutor.Execute(IEnumerable`1 commandBatches, IRelationalConnection connection)
   at Microsoft.EntityFrameworkCore.ChangeTracking.Internal.StateManager.SaveChanges(IReadOnlyList`1 entriesToSave)
   at Microsoft.EntityFrameworkCore.ChangeTracking.Internal.StateManager.SaveChanges(Boolean acceptAllChangesOnSuccess)
   at Microsoft.EntityFrameworkCore.DbContext.SaveChanges(Boolean acceptAllChangesOnSuccess) An error occurred while updating the entries. See the inner exception for details.
2018-07-20 00:39:07.2778|Microsoft.AspNetCore.Diagnostics.DeveloperExceptionPageMiddleware|ERROR|An unhandled exception has occurred while executing the request An error occurred while updating the entries. See the inner exception for details.
2018-07-20 00:39:59.6181|Microsoft.EntityFrameworkCore.Database.Command|ERROR|Failed executing DbCommand (7ms) [Parameters=[@p0='?', @p1='?', @p2='?', @p3='?', @p4='?', @p5='?', @p6='?'], CommandType='Text', CommandTimeout='30']
INSERT INTO "TopicNode" ("Id", "CreateOn", "Description", "Name", "NodeName", "Order", "ParentId")
VALUES (@p0, @p1, @p2, @p3, @p4, @p5, @p6); SQLite Error 19: 'UNIQUE constraint failed: TopicNode.Id'.
2018-07-20 00:39:59.6181|Microsoft.EntityFrameworkCore.Update|ERROR|An exception occurred in the database while saving changes for context type 'NetCoreBBS.Infrastructure.DataContext'.
Microsoft.EntityFrameworkCore.DbUpdateException: An error occurred while updating the entries. See the inner exception for details. ---> Microsoft.Data.Sqlite.SqliteException: SQLite Error 19: 'UNIQUE constraint failed: TopicNode.Id'.
   at Microsoft.Data.Sqlite.SqliteException.ThrowExceptionForRC(Int32 rc, sqlite3 db)
   at Microsoft.Data.Sqlite.SqliteCommand.ExecuteReader(CommandBehavior behavior)
   at Microsoft.EntityFrameworkCore.Storage.Internal.RelationalCommand.Execute(IRelationalConnection connection, DbCommandMethod executeMethod, IReadOnlyDictionary`2 parameterValues)
   at Microsoft.EntityFrameworkCore.Storage.Internal.RelationalCommand.ExecuteReader(IRelationalConnection connection, IReadOnlyDictionary`2 parameterValues)
   at Microsoft.EntityFrameworkCore.Update.ReaderModificationCommandBatch.Execute(IRelationalConnection connection)
   --- End of inner exception stack trace ---
   at Microsoft.EntityFrameworkCore.Update.ReaderModificationCommandBatch.Execute(IRelationalConnection connection)
   at Microsoft.EntityFrameworkCore.Update.Internal.BatchExecutor.Execute(Tuple`2 parameters)
   at Microsoft.EntityFrameworkCore.Update.Internal.BatchExecutor.Execute(IEnumerable`1 commandBatches, IRelationalConnection connection)
   at Microsoft.EntityFrameworkCore.ChangeTracking.Internal.StateManager.SaveChanges(IReadOnlyList`1 entriesToSave)
   at Microsoft.EntityFrameworkCore.ChangeTracking.Internal.StateManager.SaveChanges(Boolean acceptAllChangesOnSuccess)
   at Microsoft.EntityFrameworkCore.DbContext.SaveChanges(Boolean acceptAllChangesOnSuccess) An error occurred while updating the entries. See the inner exception for details.
2018-07-20 00:40:02.5426|Microsoft.AspNetCore.Diagnostics.DeveloperExceptionPageMiddleware|ERROR|An unhandled exception has occurred while executing the request An error occurred while updating the entries. See the inner exception for details.
2018-07-20 00:40:18.4601|Microsoft.EntityFrameworkCore.Database.Command|ERROR|Failed executing DbCommand (2ms) [Parameters=[@p0='?', @p1='?', @p2='?', @p3='?', @p4='?', @p5='?', @p6='?'], CommandType='Text', CommandTimeout='30']
INSERT INTO "TopicNode" ("Id", "CreateOn", "Description", "Name", "NodeName", "Order", "ParentId")
VALUES (@p0, @p1, @p2, @p3, @p4, @p5, @p6); SQLite Error 19: 'UNIQUE constraint failed: TopicNode.Id'.
2018-07-20 00:40:18.4601|Microsoft.EntityFrameworkCore.Update|ERROR|An exception occurred in the database while saving changes for context type 'NetCoreBBS.Infrastructure.DataContext'.
Microsoft.EntityFrameworkCore.DbUpdateException: An error occurred while updating the entries. See the inner exception for details. ---> Microsoft.Data.Sqlite.SqliteException: SQLite Error 19: 'UNIQUE constraint failed: TopicNode.Id'.
   at Microsoft.Data.Sqlite.SqliteException.ThrowExceptionForRC(Int32 rc, sqlite3 db)
   at Microsoft.Data.Sqlite.SqliteCommand.ExecuteReader(CommandBehavior behavior)
   at Microsoft.EntityFrameworkCore.Storage.Internal.RelationalCommand.Execute(IRelationalConnection connection, DbCommandMethod executeMethod, IReadOnlyDictionary`2 parameterValues)
   at Microsoft.EntityFrameworkCore.Storage.Internal.RelationalCommand.ExecuteReader(IRelationalConnection connection, IReadOnlyDictionary`2 parameterValues)
   at Microsoft.EntityFrameworkCore.Update.ReaderModificationCommandBatch.Execute(IRelationalConnection connection)
   --- End of inner exception stack trace ---
   at Microsoft.EntityFrameworkCore.Update.ReaderModificationCommandBatch.Execute(IRelationalConnection connection)
   at Microsoft.EntityFrameworkCore.Update.Internal.BatchExecutor.Execute(Tuple`2 parameters)
   at Microsoft.EntityFrameworkCore.Update.Internal.BatchExecutor.Execute(IEnumerable`1 commandBatches, IRelationalConnection connection)
   at Microsoft.EntityFrameworkCore.ChangeTracking.Internal.StateManager.SaveChanges(IReadOnlyList`1 entriesToSave)
   at Microsoft.EntityFrameworkCore.ChangeTracking.Internal.StateManager.SaveChanges(Boolean acceptAllChangesOnSuccess)
   at Microsoft.EntityFrameworkCore.DbContext.SaveChanges(Boolean acceptAllChangesOnSuccess) An error occurred while updating the entries. See the inner exception for details.
2018-07-20 00:40:36.2998|Microsoft.AspNetCore.Diagnostics.DeveloperExceptionPageMiddleware|ERROR|An unhandled exception has occurred while executing the request An error occurred while updating the entries. See the inner exception for details.
2018-07-20 00:42:22.7012|Microsoft.AspNetCore.Diagnostics.DeveloperExceptionPageMiddleware|ERROR|An unhandled exception has occurred while executing the request The instance of entity type 'TopicNode' cannot be tracked because another instance with the same key value for {'Id'} is already being tracked. When attaching existing entities, ensure that only one entity instance with a given key value is attached. Consider using 'DbContextOptionsBuilder.EnableSensitiveDataLogging' to see the conflicting key values.
2018-07-20 00:48:07.1640|Microsoft.AspNetCore.Diagnostics.DeveloperExceptionPageMiddleware|ERROR|An unhandled exception has occurred while executing the request The instance of entity type 'TopicNode' cannot be tracked because another instance with the same key value for {'Id'} is already being tracked. When attaching existing entities, ensure that only one entity instance with a given key value is attached. Consider using 'DbContextOptionsBuilder.EnableSensitiveDataLogging' to see the conflicting key values.
2018-07-20 00:48:46.3159|Microsoft.EntityFrameworkCore.Database.Command|ERROR|Failed executing DbCommand (12ms) [Parameters=[@p0='?', @p1='?', @p2='?', @p3='?', @p4='?', @p5='?', @p6='?'], CommandType='Text', CommandTimeout='30']
INSERT INTO "TopicNode" ("Id", "CreateOn", "Description", "Name", "NodeName", "Order", "ParentId")
VALUES (@p0, @p1, @p2, @p3, @p4, @p5, @p6); SQLite Error 19: 'UNIQUE constraint failed: TopicNode.Id'.
2018-07-20 00:48:46.3345|Microsoft.EntityFrameworkCore.Update|ERROR|An exception occurred in the database while saving changes for context type 'NetCoreBBS.Infrastructure.DataContext'.
Microsoft.EntityFrameworkCore.DbUpdateException: An error occurred while updating the entries. See the inner exception for details. ---> Microsoft.Data.Sqlite.SqliteException: SQLite Error 19: 'UNIQUE constraint failed: TopicNode.Id'.
   at Microsoft.Data.Sqlite.SqliteException.ThrowExceptionForRC(Int32 rc, sqlite3 db)
   at Microsoft.Data.Sqlite.SqliteCommand.ExecuteReader(CommandBehavior behavior)
   at Microsoft.EntityFrameworkCore.Storage.Internal.RelationalCommand.Execute(IRelationalConnection connection, DbCommandMethod executeMethod, IReadOnlyDictionary`2 parameterValues)
   at Microsoft.EntityFrameworkCore.Storage.Internal.RelationalCommand.ExecuteReader(IRelationalConnection connection, IReadOnlyDictionary`2 parameterValues)
   at Microsoft.EntityFrameworkCore.Update.ReaderModificationCommandBatch.Execute(IRelationalConnection connection)
   --- End of inner exception stack trace ---
   at Microsoft.EntityFrameworkCore.Update.ReaderModificationCommandBatch.Execute(IRelationalConnection connection)
   at Microsoft.EntityFrameworkCore.Update.Internal.BatchExecutor.Execute(Tuple`2 parameters)
   at Microsoft.EntityFrameworkCore.Update.Internal.BatchExecutor.Execute(IEnumerable`1 commandBatches, IRelationalConnection connection)
   at Microsoft.EntityFrameworkCore.ChangeTracking.Internal.StateManager.SaveChanges(IReadOnlyList`1 entriesToSave)
   at Microsoft.EntityFrameworkCore.ChangeTracking.Internal.StateManager.SaveChanges(Boolean acceptAllChangesOnSuccess)
   at Microsoft.EntityFrameworkCore.DbContext.SaveChanges(Boolean acceptAllChangesOnSuccess) An error occurred while updating the entries. See the inner exception for details.
2018-07-20 00:49:11.1566|Microsoft.AspNetCore.Diagnostics.DeveloperExceptionPageMiddleware|ERROR|An unhandled exception has occurred while executing the request An error occurred while updating the entries. See the inner exception for details.
2018-07-20 00:50:02.1474|Microsoft.EntityFrameworkCore.Database.Command|ERROR|Failed executing DbCommand (0ms) [Parameters=[@p0='?', @p1='?', @p2='?', @p3='?', @p4='?', @p5='?', @p6='?'], CommandType='Text', CommandTimeout='30']
INSERT INTO "TopicNode" ("Id", "CreateOn", "Description", "Name", "NodeName", "Order", "ParentId")
VALUES (@p0, @p1, @p2, @p3, @p4, @p5, @p6); SQLite Error 19: 'UNIQUE constraint failed: TopicNode.Id'.
2018-07-20 00:50:02.1673|Microsoft.EntityFrameworkCore.Update|ERROR|An exception occurred in the database while saving changes for context type 'NetCoreBBS.Infrastructure.DataContext'.
Microsoft.EntityFrameworkCore.DbUpdateException: An error occurred while updating the entries. See the inner exception for details. ---> Microsoft.Data.Sqlite.SqliteException: SQLite Error 19: 'UNIQUE constraint failed: TopicNode.Id'.
   at Microsoft.Data.Sqlite.SqliteException.ThrowExceptionForRC(Int32 rc, sqlite3 db)
   at Microsoft.Data.Sqlite.SqliteCommand.ExecuteReader(CommandBehavior behavior)
   at Microsoft.EntityFrameworkCore.Storage.Internal.RelationalCommand.Execute(IRelationalConnection connection, DbCommandMethod executeMethod, IReadOnlyDictionary`2 parameterValues)
   at Microsoft.EntityFrameworkCore.Storage.Internal.RelationalCommand.ExecuteReader(IRelationalConnection connection, IReadOnlyDictionary`2 parameterValues)
   at Microsoft.EntityFrameworkCore.Update.ReaderModificationCommandBatch.Execute(IRelationalConnection connection)
   --- End of inner exception stack trace ---
   at Microsoft.EntityFrameworkCore.Update.ReaderModificationCommandBatch.Execute(IRelationalConnection connection)
   at Microsoft.EntityFrameworkCore.Update.Internal.BatchExecutor.Execute(Tuple`2 parameters)
   at Microsoft.EntityFrameworkCore.Update.Internal.BatchExecutor.Execute(IEnumerable`1 commandBatches, IRelationalConnection connection)
   at Microsoft.EntityFrameworkCore.ChangeTracking.Internal.StateManager.SaveChanges(IReadOnlyList`1 entriesToSave)
   at Microsoft.EntityFrameworkCore.ChangeTracking.Internal.StateManager.SaveChanges(Boolean acceptAllChangesOnSuccess)
   at Microsoft.EntityFrameworkCore.DbContext.SaveChanges(Boolean acceptAllChangesOnSuccess) An error occurred while updating the entries. See the inner exception for details.
2018-07-20 00:50:15.7923|Microsoft.AspNetCore.Diagnostics.DeveloperExceptionPageMiddleware|ERROR|An unhandled exception has occurred while executing the request An error occurred while updating the entries. See the inner exception for details.
