2018-07-18 20:32:56.1835|RequestIPMiddleware|INFO|  Url:/ IP:::1 时间：2018/7/18 20:32:56 
2018-07-18 20:33:51.9604|RequestIPMiddleware|INFO|  Url:/topic/node/netcore IP:::1 时间：2018/7/18 20:33:51 
2018-07-18 20:33:56.6778|RequestIPMiddleware|INFO|  Url:/Home/About IP:::1 时间：2018/7/18 20:33:56 
2018-07-18 20:34:25.4407|RequestIPMiddleware|INFO|  Url:/Home/About IP:::1 时间：2018/7/18 20:34:25 
2018-07-18 20:35:30.2065|RequestIPMiddleware|INFO|  Url:/ IP:::1 时间：2018/7/18 20:35:30 
2018-07-18 20:35:36.4172|RequestIPMiddleware|INFO|  Url:/Account/Login IP:::1 时间：2018/7/18 20:35:36 
2018-07-18 20:35:40.1332|RequestIPMiddleware|INFO|  Url:/Account/Register IP:::1 时间：2018/7/18 20:35:40 
2018-07-18 20:36:03.2423|RequestIPMiddleware|INFO|  Url:/ IP:::1 时间：2018/7/18 20:36:03 
2018-07-18 20:36:20.7685|RequestIPMiddleware|INFO|  Url:/Account/Register IP:::1 时间：2018/7/18 20:36:20 
2018-07-18 20:36:32.4121|RequestIPMiddleware|INFO|  Url:/Account/Register IP:::1 时间：2018/7/18 20:36:32 
2018-07-18 20:36:32.9951|NetCoreBBS.Controllers.AccountController|WARN|  Error in creating user: User name 'zorro' is already taken. 
2018-07-18 20:36:37.9090|RequestIPMiddleware|INFO|  Url:/Account/Login IP:::1 时间：2018/7/18 20:36:37 
2018-07-18 20:36:44.9008|RequestIPMiddleware|INFO|  Url:/Account/Login IP:::1 时间：2018/7/18 20:36:44 
2018-07-18 20:36:45.3270|NetCoreBBS.Controllers.AccountController|INFO|  Logged in zorro. 
2018-07-18 20:36:45.3388|RequestIPMiddleware|INFO|  Url:/ IP:::1 时间：2018/7/18 20:36:45 
2018-07-18 20:38:58.6202|RequestIPMiddleware|INFO|  Url:/Topic/Node IP:::1 时间：2018/7/18 20:38:58 
2018-07-18 20:38:58.7300|RequestIPMiddleware|INFO|  Url:/ IP:::1 时间：2018/7/18 20:38:58 
2018-07-18 20:39:48.7598|RequestIPMiddleware|INFO|  Url:/Topic/Node/.net%20core IP:::1 时间：2018/7/18 20:39:48 
2018-07-18 20:40:20.0987|RequestIPMiddleware|INFO|  Url:/Topic/Node/1 IP:::1 时间：2018/7/18 20:40:20 
2018-07-18 20:41:16.0938|RequestIPMiddleware|INFO|  Url:/ IP:::1 时间：2018/7/18 20:41:16 
2018-07-18 20:41:43.9793|RequestIPMiddleware|INFO|  Url:/ IP:::1 时间：2018/7/18 20:41:43 
2018-07-18 20:42:24.1212|RequestIPMiddleware|INFO|  Url:/ IP:::1 时间：2018/7/18 20:42:24 
2018-07-18 20:45:17.6224|RequestIPMiddleware|INFO|  Url:/ IP:::1 时间：2018/7/18 20:45:17 
2018-07-18 20:45:42.5018|RequestIPMiddleware|INFO|  Url:/ IP:::1 时间：2018/7/18 20:45:42 
2018-07-18 20:45:43.0558|RequestIPMiddleware|INFO|  Url:/ IP:::1 时间：2018/7/18 20:45:43 
2018-07-18 20:45:46.3956|RequestIPMiddleware|INFO|  Url:/Topic/1 IP:::1 时间：2018/7/18 20:45:46 
2018-07-18 20:46:15.3716|RequestIPMiddleware|INFO|  Url:/Topic/1 IP:::1 时间：2018/7/18 20:46:15 
2018-07-18 20:47:10.9379|RequestIPMiddleware|INFO|  Url:/topic/node/2 IP:::1 时间：2018/7/18 20:47:10 
2018-07-18 20:47:13.8606|RequestIPMiddleware|INFO|  Url:/Topic/1 IP:::1 时间：2018/7/18 20:47:13 
2018-07-18 20:48:02.0868|RequestIPMiddleware|INFO|  Url:/User IP:::1 时间：2018/7/18 20:48:02 
2018-07-18 20:49:02.8772|RequestIPMiddleware|INFO|  Url:/User IP:::1 时间：2018/7/18 20:49:02 
2018-07-18 20:50:58.0299|RequestIPMiddleware|INFO|  Url:/User IP:::1 时间：2018/7/18 20:50:58 
2018-07-18 20:51:16.1928|RequestIPMiddleware|INFO|  Url:/User IP:::1 时间：2018/7/18 20:51:16 
2018-07-18 20:52:12.4284|RequestIPMiddleware|INFO|  Url:/topic/1 IP:::1 时间：2018/7/18 20:52:12 
2018-07-18 20:52:18.5208|RequestIPMiddleware|INFO|  Url:/Topic/1 IP:::1 时间：2018/7/18 20:52:18 
2018-07-18 20:52:18.8557|RequestIPMiddleware|INFO|  Url:/Topic/1 IP:::1 时间：2018/7/18 20:52:18 
2018-07-18 20:52:22.9262|RequestIPMiddleware|INFO|  Url:/User IP:::1 时间：2018/7/18 20:52:22 
2018-07-18 20:53:56.8142|RequestIPMiddleware|INFO|  Url:/User IP:::1 时间：2018/7/18 20:53:56 
2018-07-18 21:00:33.9914|RequestIPMiddleware|INFO|  Url:/User IP:::1 时间：2018/7/18 21:00:33 
2018-07-18 21:00:37.4570|RequestIPMiddleware|INFO|  Url:/topic/delete/1 IP:::1 时间：2018/7/18 21:00:37 
2018-07-18 21:04:20.6775|RequestIPMiddleware|INFO|  Url:/topic/delete/1 IP:::1 时间：2018/7/18 21:04:20 
2018-07-18 21:04:46.3481|RequestIPMiddleware|INFO|  Url:/ IP:::1 时间：2018/7/18 21:04:46 
2018-07-18 21:05:09.3073|RequestIPMiddleware|INFO|  Url:/topic/delete/1 IP:::1 时间：2018/7/18 21:05:09 
2018-07-18 21:05:10.8952|RequestIPMiddleware|INFO|  Url:/topic/delete/1 IP:::1 时间：2018/7/18 21:05:10 
2018-07-18 21:05:51.0719|RequestIPMiddleware|INFO|  Url:/User/delete/1 IP:::1 时间：2018/7/18 21:05:51 
2018-07-18 21:05:51.4381|RequestIPMiddleware|INFO|  Url:/User IP:::1 时间：2018/7/18 21:05:51 
2018-07-18 21:06:11.1016|RequestIPMiddleware|INFO|  Url:/ IP:::1 时间：2018/7/18 21:06:11 
2018-07-18 21:07:25.1776|RequestIPMiddleware|INFO|  Url:/ IP:::1 时间：2018/7/18 21:07:25 
2018-07-18 21:07:25.7679|RequestIPMiddleware|INFO|  Url:/ IP:::1 时间：2018/7/18 21:07:25 
2018-07-18 21:07:34.8419|RequestIPMiddleware|INFO|  Url:/Topic/2 IP:::1 时间：2018/7/18 21:07:34 
2018-07-18 21:07:39.4203|RequestIPMiddleware|INFO|  Url:/User IP:::1 时间：2018/7/18 21:07:39 
2018-07-18 21:08:15.3220|RequestIPMiddleware|INFO|  Url:/User IP:::1 时间：2018/7/18 21:08:15 
2018-07-18 21:08:20.5327|RequestIPMiddleware|INFO|  Url:/User IP:::1 时间：2018/7/18 21:08:20 
2018-07-18 21:08:22.7295|RequestIPMiddleware|INFO|  Url:/User IP:::1 时间：2018/7/18 21:08:22 
2018-07-18 21:08:32.6143|RequestIPMiddleware|INFO|  Url:/User IP:::1 时间：2018/7/18 21:08:32 
2018-07-18 21:08:38.3320|RequestIPMiddleware|INFO|  Url:/User IP:::1 时间：2018/7/18 21:08:38 
2018-07-18 21:08:45.2471|RequestIPMiddleware|INFO|  Url:/User IP:::1 时间：2018/7/18 21:08:45 
2018-07-18 21:08:51.8809|RequestIPMiddleware|INFO|  Url:/User IP:::1 时间：2018/7/18 21:08:51 
2018-07-18 21:09:24.4521|RequestIPMiddleware|INFO|  Url:/User IP:::1 时间：2018/7/18 21:09:24 
2018-07-18 21:10:34.5898|RequestIPMiddleware|INFO|  Url:/index IP:::1 时间：2018/7/18 21:10:34 
2018-07-18 21:10:41.9731|RequestIPMiddleware|INFO|  Url:/index/1 IP:::1 时间：2018/7/18 21:10:41 
2018-07-18 21:10:58.6347|RequestIPMiddleware|INFO|  Url:/User IP:::1 时间：2018/7/18 21:10:58 
2018-07-18 21:11:01.3867|RequestIPMiddleware|INFO|  Url:/User IP:::1 时间：2018/7/18 21:11:01 
2018-07-18 21:28:30.8830|RequestIPMiddleware|INFO|  Url:/topic/2 IP:::1 时间：2018/7/18 21:28:30 
2018-07-18 21:29:35.3349|RequestIPMiddleware|INFO|  Url:/User IP:::1 时间：2018/7/18 21:29:35 
2018-07-18 21:48:50.4797|RequestIPMiddleware|INFO|  Url:/ IP:::1 时间：2018/7/18 21:48:50 
2018-07-18 21:49:21.3350|RequestIPMiddleware|INFO|  Url:/User IP:::1 时间：2018/7/18 21:49:21 
2018-07-18 21:49:24.1603|RequestIPMiddleware|INFO|  Url:/topic/edit/2 IP:::1 时间：2018/7/18 21:49:24 
2018-07-18 21:50:07.1040|RequestIPMiddleware|INFO|  Url:/topic/edit/2 IP:::1 时间：2018/7/18 21:50:07 
2018-07-18 21:51:00.6183|RequestIPMiddleware|INFO|  Url:/topic/edit/2 IP:::1 时间：2018/7/18 21:51:00 
2018-07-18 21:52:19.8707|RequestIPMiddleware|INFO|  Url:/topic/edit/2 IP:::1 时间：2018/7/18 21:52:19 
2018-07-18 21:53:32.3710|RequestIPMiddleware|INFO|  Url:/topic/edit/2 IP:::1 时间：2018/7/18 21:53:32 
2018-07-18 23:14:44.7135|RequestIPMiddleware|INFO|  Url:/ IP:::1 时间：2018/7/18 23:14:44 
2018-07-18 23:15:19.8271|RequestIPMiddleware|INFO|  Url:/admin IP:::1 时间：2018/7/18 23:15:19 
2018-07-18 23:15:38.1449|RequestIPMiddleware|INFO|  Url:/ IP:::1 时间：2018/7/18 23:15:38 
2018-07-18 23:15:42.1672|RequestIPMiddleware|INFO|  Url:/Topic/2 IP:::1 时间：2018/7/18 23:15:42 
2018-07-18 23:15:45.4422|RequestIPMiddleware|INFO|  Url:/User IP:::1 时间：2018/7/18 23:15:45 
2018-07-18 23:15:47.3833|RequestIPMiddleware|INFO|  Url:/topic/edit/2 IP:::1 时间：2018/7/18 23:15:47 
2018-07-18 23:16:17.7389|RequestIPMiddleware|INFO|  Url:/topic/edit/2 IP:::1 时间：2018/7/18 23:16:17 
2018-07-18 23:16:29.3271|RequestIPMiddleware|INFO|  Url:/topic/edit/2 IP:::1 时间：2018/7/18 23:16:29 
2018-07-18 23:16:47.4088|RequestIPMiddleware|INFO|  Url:/topic/edit/2 IP:::1 时间：2018/7/18 23:16:47 
2018-07-18 23:17:01.7075|RequestIPMiddleware|INFO|  Url:/topic/edit/2 IP:::1 时间：2018/7/18 23:17:01 
2018-07-18 23:18:37.1912|RequestIPMiddleware|INFO|  Url:/topic/edit/2 IP:::1 时间：2018/7/18 23:18:37 
2018-07-18 23:27:00.5938|RequestIPMiddleware|INFO|  Url:/topic/edit/2 IP:::1 时间：2018/7/18 23:27:00 
2018-07-18 23:27:04.7191|RequestIPMiddleware|INFO|  Url:/topic/edit/2 IP:::1 时间：2018/7/18 23:27:04 
2018-07-18 23:27:48.8785|RequestIPMiddleware|INFO|  Url:/topic/edit/2 IP:::1 时间：2018/7/18 23:27:48 
2018-07-18 23:27:50.2444|RequestIPMiddleware|INFO|  Url:/topic/edit/2 IP:::1 时间：2018/7/18 23:27:50 
2018-07-18 23:27:52.0346|RequestIPMiddleware|INFO|  Url:/topic/edit/2 IP:::1 时间：2018/7/18 23:27:52 
2018-07-18 23:29:20.7994|RequestIPMiddleware|INFO|  Url:/topic/edit/2 IP:::1 时间：2018/7/18 23:29:20 
2018-07-18 23:29:50.0993|RequestIPMiddleware|INFO|  Url:/User/Edit IP:::1 时间：2018/7/18 23:29:50 
2018-07-18 23:29:50.7505|RequestIPMiddleware|INFO|  Url:/ IP:::1 时间：2018/7/18 23:29:50 
2018-07-18 23:30:26.8784|RequestIPMiddleware|INFO|  Url:/User/Edit IP:::1 时间：2018/7/18 23:30:26 
2018-07-18 23:30:30.1434|RequestIPMiddleware|INFO|  Url:/User/Edit IP:::1 时间：2018/7/18 23:30:30 
2018-07-18 23:30:30.1827|RequestIPMiddleware|INFO|  Url:/ IP:::1 时间：2018/7/18 23:30:30 
2018-07-18 23:31:03.8937|RequestIPMiddleware|INFO|  Url:/User/Edit IP:::1 时间：2018/7/18 23:31:03 
2018-07-18 23:32:25.4100|RequestIPMiddleware|INFO|  Url:/User/Edit IP:::1 时间：2018/7/18 23:32:25 
2018-07-18 23:32:25.4531|RequestIPMiddleware|INFO|  Url:/ IP:::1 时间：2018/7/18 23:32:25 
2018-07-18 23:32:27.4207|RequestIPMiddleware|INFO|  Url:/User/Edit IP:::1 时间：2018/7/18 23:32:27 
2018-07-18 23:32:27.5781|RequestIPMiddleware|INFO|  Url:/User IP:::1 时间：2018/7/18 23:32:27 
2018-07-18 23:32:35.7015|RequestIPMiddleware|INFO|  Url:/topic/edit/2 IP:::1 时间：2018/7/18 23:32:35 
2018-07-18 23:32:38.8328|RequestIPMiddleware|INFO|  Url:/User/Edit IP:::1 时间：2018/7/18 23:32:38 
2018-07-18 23:33:24.5557|RequestIPMiddleware|INFO|  Url:/topic/edit/2 IP:::1 时间：2018/7/18 23:33:24 
2018-07-18 23:33:26.7296|RequestIPMiddleware|INFO|  Url:/topic/edit/2 IP:::1 时间：2018/7/18 23:33:26 
2018-07-18 23:35:16.4037|RequestIPMiddleware|INFO|  Url:/topic/edit/2 IP:::1 时间：2018/7/18 23:35:16 
2018-07-18 23:37:43.1396|RequestIPMiddleware|INFO|  Url:/ IP:::1 时间：2018/7/18 23:37:43 
2018-07-18 23:38:06.0657|RequestIPMiddleware|INFO|  Url:/topic/edit/2 IP:::1 时间：2018/7/18 23:38:06 
2018-07-18 23:38:17.3802|RequestIPMiddleware|INFO|  Url:/topic/edit/2 IP:::1 时间：2018/7/18 23:38:17 
2018-07-18 23:38:35.6925|RequestIPMiddleware|INFO|  Url:/topic/edit/2 IP:::1 时间：2018/7/18 23:38:35 
2018-07-18 23:39:33.1691|RequestIPMiddleware|INFO|  Url:/topic/edit/2 IP:::1 时间：2018/7/18 23:39:33 
2018-07-18 23:39:40.8403|RequestIPMiddleware|INFO|  Url:/topic/edit/2 IP:::1 时间：2018/7/18 23:39:40 
2018-07-18 23:41:48.7954|RequestIPMiddleware|INFO|  Url:/ IP:::1 时间：2018/7/18 23:41:48 
2018-07-18 23:42:10.3312|RequestIPMiddleware|INFO|  Url:/topic/edit/2 IP:::1 时间：2018/7/18 23:42:10 
2018-07-18 23:42:21.5608|RequestIPMiddleware|INFO|  Url:/Topic/Edit/2 IP:::1 时间：2018/7/18 23:42:21 
2018-07-18 23:42:50.7589|RequestIPMiddleware|INFO|  Url:/user IP:::1 时间：2018/7/18 23:42:50 
2018-07-18 23:42:55.9427|RequestIPMiddleware|INFO|  Url:/topic/2 IP:::1 时间：2018/7/18 23:42:55 
2018-07-18 23:45:10.3192|RequestIPMiddleware|INFO|  Url:/ IP:::1 时间：2018/7/18 23:45:10 
2018-07-18 23:45:33.1331|RequestIPMiddleware|INFO|  Url:/User IP:::1 时间：2018/7/18 23:45:33 
2018-07-18 23:45:35.6459|RequestIPMiddleware|INFO|  Url:/topic/edit/2 IP:::1 时间：2018/7/18 23:45:35 
2018-07-18 23:45:44.4865|RequestIPMiddleware|INFO|  Url:/Topic/Edit/2 IP:::1 时间：2018/7/18 23:45:44 
2018-07-18 23:45:44.9340|RequestIPMiddleware|INFO|  Url:/Topic/2 IP:::1 时间：2018/7/18 23:45:44 
