2018-07-20 00:00:21.5851|RequestIPMiddleware|INFO|  Url:/node IP:::1 时间：2018/7/20 0:00:21 
2018-07-20 00:00:25.0294|RequestIPMiddleware|INFO|  Url:/Node/Create/ IP:::1 时间：2018/7/20 0:00:25 
2018-07-20 00:01:05.5524|RequestIPMiddleware|INFO|  Url:/Node/Create/ IP:::1 时间：2018/7/20 0:01:05 
2018-07-20 00:03:26.0501|RequestIPMiddleware|INFO|  Url:/Node/Create/ IP:::1 时间：2018/7/20 0:03:26 
2018-07-20 00:03:48.7268|RequestIPMiddleware|INFO|  Url:/Node/Create/ IP:::1 时间：2018/7/20 0:03:48 
2018-07-20 00:06:18.0289|RequestIPMiddleware|INFO|  Url:/ IP:::1 时间：2018/7/20 0:06:18 
2018-07-20 00:06:50.0254|RequestIPMiddleware|INFO|  Url:/Node/Create/ IP:::1 时间：2018/7/20 0:06:50 
2018-07-20 00:06:54.7898|RequestIPMiddleware|INFO|  Url:/Node/Create/ IP:::1 时间：2018/7/20 0:06:54 
2018-07-20 00:07:51.1308|RequestIPMiddleware|INFO|  Url:/Node/Create/ IP:::1 时间：2018/7/20 0:07:51 
2018-07-20 00:18:00.8924|RequestIPMiddleware|INFO|  Url:/Node/Create/ IP:::1 时间：2018/7/20 0:18:00 
2018-07-20 00:18:01.9949|RequestIPMiddleware|INFO|  Url:/Node/Create/ IP:::1 时间：2018/7/20 0:18:01 
2018-07-20 00:20:24.2279|RequestIPMiddleware|INFO|  Url:/ IP:::1 时间：2018/7/20 0:20:24 
2018-07-20 00:20:43.8671|RequestIPMiddleware|INFO|  Url:/Node/Create/ IP:::1 时间：2018/7/20 0:20:43 
2018-07-20 00:21:27.9067|RequestIPMiddleware|INFO|  Url:/Node/Create/ IP:::1 时间：2018/7/20 0:21:27 
2018-07-20 00:22:04.9364|RequestIPMiddleware|INFO|  Url:/Node/Create/ IP:::1 时间：2018/7/20 0:22:04 
2018-07-20 00:22:31.0584|RequestIPMiddleware|INFO|  Url:/Node/Create/ IP:::1 时间：2018/7/20 0:22:31 
2018-07-20 00:23:05.4060|RequestIPMiddleware|INFO|  Url:/Node/Create/ IP:::1 时间：2018/7/20 0:23:05 
2018-07-20 00:24:57.1309|RequestIPMiddleware|INFO|  Url:/ IP:::1 时间：2018/7/20 0:24:57 
2018-07-20 00:25:17.4170|RequestIPMiddleware|INFO|  Url:/Node/Create/ IP:::1 时间：2018/7/20 0:25:17 
2018-07-20 00:26:21.8126|RequestIPMiddleware|INFO|  Url:/ IP:::1 时间：2018/7/20 0:26:21 
2018-07-20 00:26:30.8406|RequestIPMiddleware|INFO|  Url:/Node/Create/ IP:::1 时间：2018/7/20 0:26:30 
2018-07-20 00:27:20.5711|RequestIPMiddleware|INFO|  Url:/ IP:::1 时间：2018/7/20 0:27:20 
2018-07-20 00:27:38.9990|RequestIPMiddleware|INFO|  Url:/Node/Create/ IP:::1 时间：2018/7/20 0:27:38 
2018-07-20 00:29:59.6142|RequestIPMiddleware|INFO|  Url:/ IP:::1 时间：2018/7/20 0:29:59 
2018-07-20 00:31:15.0377|RequestIPMiddleware|INFO|  Url:/ IP:::1 时间：2018/7/20 0:31:15 
2018-07-20 00:31:42.6313|RequestIPMiddleware|INFO|  Url:/Node/Create/ IP:::1 时间：2018/7/20 0:31:42 
2018-07-20 00:31:55.3996|RequestIPMiddleware|INFO|  Url:/Node/Create/ IP:::1 时间：2018/7/20 0:31:55 
2018-07-20 00:32:31.1844|RequestIPMiddleware|INFO|  Url:/Node/Create/ IP:::1 时间：2018/7/20 0:32:31 
2018-07-20 00:33:49.4432|RequestIPMiddleware|INFO|  Url:/Node/Create/ IP:::1 时间：2018/7/20 0:33:49 
2018-07-20 00:34:16.7560|RequestIPMiddleware|INFO|  Url:/Node/Create/ IP:::1 时间：2018/7/20 0:34:16 
2018-07-20 00:34:42.3872|RequestIPMiddleware|INFO|  Url:/Node/Create IP:::1 时间：2018/7/20 0:34:42 
2018-07-20 00:34:42.8217|RequestIPMiddleware|INFO|  Url:/Node IP:::1 时间：2018/7/20 0:34:42 
2018-07-20 00:34:50.8833|RequestIPMiddleware|INFO|  Url:/ IP:::1 时间：2018/7/20 0:34:50 
2018-07-20 00:35:09.3876|RequestIPMiddleware|INFO|  Url:/node/delete/4 IP:::1 时间：2018/7/20 0:35:09 
2018-07-20 00:35:09.4795|RequestIPMiddleware|INFO|  Url:/node IP:::1 时间：2018/7/20 0:35:09 
2018-07-20 00:35:16.3174|RequestIPMiddleware|INFO|  Url:/Node/Create/ IP:::1 时间：2018/7/20 0:35:16 
2018-07-20 00:36:13.7827|RequestIPMiddleware|INFO|  Url:/Node/Create/ IP:::1 时间：2018/7/20 0:36:13 
2018-07-20 00:36:46.3545|RequestIPMiddleware|INFO|  Url:/Node/Create IP:::1 时间：2018/7/20 0:36:46 
2018-07-20 00:37:12.3958|RequestIPMiddleware|INFO|  Url:/Node/Create/ IP:::1 时间：2018/7/20 0:37:12 
2018-07-20 00:37:31.6876|RequestIPMiddleware|INFO|  Url:/Node/Create IP:::1 时间：2018/7/20 0:37:31 
2018-07-20 00:37:59.0716|RequestIPMiddleware|INFO|  Url:/Node/Create/ IP:::1 时间：2018/7/20 0:37:59 
2018-07-20 00:38:00.7167|RequestIPMiddleware|INFO|  Url:/Node/Create/ IP:::1 时间：2018/7/20 0:38:00 
2018-07-20 00:38:13.4527|RequestIPMiddleware|INFO|  Url:/Node/Create IP:::1 时间：2018/7/20 0:38:13 
2018-07-20 00:38:50.9024|RequestIPMiddleware|INFO|  Url:/Node/Create/ IP:::1 时间：2018/7/20 0:38:50 
2018-07-20 00:38:52.3259|RequestIPMiddleware|INFO|  Url:/Node/Create IP:::1 时间：2018/7/20 0:38:52 
2018-07-20 00:39:59.5698|RequestIPMiddleware|INFO|  Url:/Node/Create IP:::1 时间：2018/7/20 0:39:59 
2018-07-20 00:40:05.6215|RequestIPMiddleware|INFO|  Url:/Node/Create/ IP:::1 时间：2018/7/20 0:40:05 
2018-07-20 00:40:08.1729|RequestIPMiddleware|INFO|  Url:/Node/Create/ IP:::1 时间：2018/7/20 0:40:08 
2018-07-20 00:40:09.2822|RequestIPMiddleware|INFO|  Url:/Node/Create/ IP:::1 时间：2018/7/20 0:40:09 
2018-07-20 00:40:18.4570|RequestIPMiddleware|INFO|  Url:/Node/Create IP:::1 时间：2018/7/20 0:40:18 
2018-07-20 00:40:44.1790|RequestIPMiddleware|INFO|  Url:/node IP:::1 时间：2018/7/20 0:40:44 
2018-07-20 00:41:41.2874|RequestIPMiddleware|INFO|  Url:/Node/Create/ IP:::1 时间：2018/7/20 0:41:41 
2018-07-20 00:41:54.0199|RequestIPMiddleware|INFO|  Url:/Node/Create/ IP:::1 时间：2018/7/20 0:41:54 
2018-07-20 00:41:54.1118|RequestIPMiddleware|INFO|  Url:/Node/Create/ IP:::1 时间：2018/7/20 0:41:54 
2018-07-20 00:42:10.9755|RequestIPMiddleware|INFO|  Url:/Node/Create IP:::1 时间：2018/7/20 0:42:10 
2018-07-20 00:42:26.0309|RequestIPMiddleware|INFO|  Url:/Node/Create/ IP:::1 时间：2018/7/20 0:42:26 
2018-07-20 00:43:27.7506|RequestIPMiddleware|INFO|  Url:/Node/Create/ IP:::1 时间：2018/7/20 0:43:27 
2018-07-20 00:46:18.3656|RequestIPMiddleware|INFO|  Url:/User IP:::1 时间：2018/7/20 0:46:18 
2018-07-20 00:47:04.0617|RequestIPMiddleware|INFO|  Url:/ IP:::1 时间：2018/7/20 0:47:04 
2018-07-20 00:47:34.6869|RequestIPMiddleware|INFO|  Url:/node IP:::1 时间：2018/7/20 0:47:34 
2018-07-20 00:47:35.1152|RequestIPMiddleware|INFO|  Url:/node IP:::1 时间：2018/7/20 0:47:35 
2018-07-20 00:47:35.3351|RequestIPMiddleware|INFO|  Url:/node IP:::1 时间：2018/7/20 0:47:35 
2018-07-20 00:47:39.6843|RequestIPMiddleware|INFO|  Url:/Node/Create IP:::1 时间：2018/7/20 0:47:39 
2018-07-20 00:48:09.9875|RequestIPMiddleware|INFO|  Url:/Node/Create/ IP:::1 时间：2018/7/20 0:48:09 
2018-07-20 00:48:23.0685|RequestIPMiddleware|INFO|  Url:/Node/Create/ IP:::1 时间：2018/7/20 0:48:23 
2018-07-20 00:48:24.0868|RequestIPMiddleware|INFO|  Url:/Node/Create/ IP:::1 时间：2018/7/20 0:48:24 
2018-07-20 00:48:33.8293|RequestIPMiddleware|INFO|  Url:/Node/Create IP:::1 时间：2018/7/20 0:48:33 
2018-07-20 00:49:14.7505|RequestIPMiddleware|INFO|  Url:/Node/Create/ IP:::1 时间：2018/7/20 0:49:14 
2018-07-20 00:49:24.5222|RequestIPMiddleware|INFO|  Url:/ IP:::1 时间：2018/7/20 0:49:24 
2018-07-20 00:49:44.1142|RequestIPMiddleware|INFO|  Url:/ IP:::1 时间：2018/7/20 0:49:44 
2018-07-20 00:50:26.1119|RequestIPMiddleware|INFO|  Url:/ IP:::1 时间：2018/7/20 0:50:26 
2018-07-20 00:51:30.7243|RequestIPMiddleware|INFO|  Url:/ IP:::1 时间：2018/7/20 0:51:30 
2018-07-20 00:51:56.4151|RequestIPMiddleware|INFO|  Url:/ IP:::1 时间：2018/7/20 0:51:56 
2018-07-20 00:52:00.1815|RequestIPMiddleware|INFO|  Url:/ IP:::1 时间：2018/7/20 0:52:00 
2018-07-20 00:52:08.9874|RequestIPMiddleware|INFO|  Url:/Node/Create IP:::1 时间：2018/7/20 0:52:08 
2018-07-20 00:52:11.0872|RequestIPMiddleware|INFO|  Url:/Node IP:::1 时间：2018/7/20 0:52:11 
2018-07-20 00:52:17.3958|RequestIPMiddleware|INFO|  Url:/ IP:::1 时间：2018/7/20 0:52:17 
2018-07-20 00:54:00.9982|RequestIPMiddleware|INFO|  Url:/User IP:::1 时间：2018/7/20 0:54:00 
2018-07-20 00:54:28.5194|RequestIPMiddleware|INFO|  Url:/ IP:::1 时间：2018/7/20 0:54:28 
2018-07-20 00:54:48.4893|RequestIPMiddleware|INFO|  Url:/User IP:::1 时间：2018/7/20 0:54:48 
2018-07-20 00:57:26.9847|RequestIPMiddleware|INFO|  Url:/User IP:::1 时间：2018/7/20 0:57:26 
2018-07-20 00:57:46.6933|RequestIPMiddleware|INFO|  Url:/User IP:::1 时间：2018/7/20 0:57:46 
2018-07-20 00:58:04.5599|RequestIPMiddleware|INFO|  Url:/User IP:::1 时间：2018/7/20 0:58:04 
2018-07-20 00:58:07.9967|RequestIPMiddleware|INFO|  Url:/node IP:::1 时间：2018/7/20 0:58:07 
