2018-07-19 00:42:39.4562|RequestIPMiddleware|INFO|  Url:/ IP:::1 时间：2018/7/19 0:42:39 
2018-07-19 00:43:04.5309|RequestIPMiddleware|INFO|  Url:/User IP:::1 时间：2018/7/19 0:43:04 
2018-07-19 00:43:22.2071|RequestIPMiddleware|INFO|  Url:/User/Edit IP:::1 时间：2018/7/19 0:43:22 
2018-07-19 00:43:32.3074|RequestIPMiddleware|INFO|  Url:/User/Edit IP:::1 时间：2018/7/19 0:43:32 
2018-07-19 00:43:33.0227|RequestIPMiddleware|INFO|  Url:/User IP:::1 时间：2018/7/19 0:43:33 
2018-07-19 00:43:38.3530|RequestIPMiddleware|INFO|  Url:/WWW.4A8.NET IP:::1 时间：2018/7/19 0:43:38 
2018-07-19 00:43:49.6983|RequestIPMiddleware|INFO|  Url:/User/Edit IP:::1 时间：2018/7/19 0:43:49 
2018-07-19 00:43:59.1265|RequestIPMiddleware|INFO|  Url:/User/Edit IP:::1 时间：2018/7/19 0:43:59 
2018-07-19 00:43:59.1640|RequestIPMiddleware|INFO|  Url:/User IP:::1 时间：2018/7/19 0:43:59 
2018-07-19 00:44:15.7183|RequestIPMiddleware|INFO|  Url:/ IP:::1 时间：2018/7/19 0:44:15 
2018-07-19 22:40:41.2351|RequestIPMiddleware|INFO|  Url:/ IP:::1 时间：2018/7/19 22:40:41 
2018-07-19 22:40:50.6457|RequestIPMiddleware|INFO|  Url:/ IP:::1 时间：2018/7/19 22:40:50 
2018-07-19 22:41:30.0874|RequestIPMiddleware|INFO|  Url:/ IP:::1 时间：2018/7/19 22:41:30 
2018-07-19 22:41:51.9600|RequestIPMiddleware|INFO|  Url:/ IP:::1 时间：2018/7/19 22:41:51 
2018-07-19 22:42:49.5524|RequestIPMiddleware|INFO|  Url:/ IP:::1 时间：2018/7/19 22:42:49 
2018-07-19 22:42:59.8203|RequestIPMiddleware|INFO|  Url:/ IP:::1 时间：2018/7/19 22:42:59 
2018-07-19 22:43:18.2940|RequestIPMiddleware|INFO|  Url:/ IP:::1 时间：2018/7/19 22:43:18 
2018-07-19 22:43:34.6931|RequestIPMiddleware|INFO|  Url:/ IP:::1 时间：2018/7/19 22:43:34 
2018-07-19 22:43:36.6732|RequestIPMiddleware|INFO|  Url:/ IP:::1 时间：2018/7/19 22:43:36 
2018-07-19 22:43:36.9168|RequestIPMiddleware|INFO|  Url:/ IP:::1 时间：2018/7/19 22:43:36 
2018-07-19 22:43:37.1118|RequestIPMiddleware|INFO|  Url:/ IP:::1 时间：2018/7/19 22:43:37 
2018-07-19 22:43:51.6391|RequestIPMiddleware|INFO|  Url:/ IP:::1 时间：2018/7/19 22:43:51 
2018-07-19 22:50:35.0868|RequestIPMiddleware|INFO|  Url:/User IP:::1 时间：2018/7/19 22:50:35 
2018-07-19 22:52:05.9842|RequestIPMiddleware|INFO|  Url:/User/Edit IP:::1 时间：2018/7/19 22:52:05 
2018-07-19 22:52:17.9423|RequestIPMiddleware|INFO|  Url:/User/Edit IP:::1 时间：2018/7/19 22:52:17 
2018-07-19 22:52:21.8921|RequestIPMiddleware|INFO|  Url:/ IP:::1 时间：2018/7/19 22:52:21 
2018-07-19 22:52:25.3048|RequestIPMiddleware|INFO|  Url:/User IP:::1 时间：2018/7/19 22:52:25 
2018-07-19 22:52:37.2431|RequestIPMiddleware|INFO|  Url:/User/Edit IP:::1 时间：2018/7/19 22:52:37 
2018-07-19 22:53:09.5344|RequestIPMiddleware|INFO|  Url:/User/Edit IP:::1 时间：2018/7/19 22:53:09 
2018-07-19 22:53:12.2032|RequestIPMiddleware|INFO|  Url:/User IP:::1 时间：2018/7/19 22:53:12 
2018-07-19 22:53:29.2954|RequestIPMiddleware|INFO|  Url:/User IP:::1 时间：2018/7/19 22:53:29 
2018-07-19 22:54:21.8173|RequestIPMiddleware|INFO|  Url:/User IP:::1 时间：2018/7/19 22:54:21 
2018-07-19 22:54:47.2397|RequestIPMiddleware|INFO|  Url:/User IP:::1 时间：2018/7/19 22:54:47 
2018-07-19 22:55:19.5360|RequestIPMiddleware|INFO|  Url:/ IP:::1 时间：2018/7/19 22:55:19 
2018-07-19 22:56:06.2810|RequestIPMiddleware|INFO|  Url:/ IP:::1 时间：2018/7/19 22:56:06 
2018-07-19 22:56:11.5771|RequestIPMiddleware|INFO|  Url:/User IP:::1 时间：2018/7/19 22:56:11 
2018-07-19 22:57:24.6193|RequestIPMiddleware|INFO|  Url:/User IP:::1 时间：2018/7/19 22:57:24 
2018-07-19 22:58:43.5514|RequestIPMiddleware|INFO|  Url:/User IP:::1 时间：2018/7/19 22:58:43 
2018-07-19 22:59:05.6500|RequestIPMiddleware|INFO|  Url:/User IP:::1 时间：2018/7/19 22:59:05 
2018-07-19 22:59:14.9257|RequestIPMiddleware|INFO|  Url:/ IP:::1 时间：2018/7/19 22:59:14 
2018-07-19 23:00:02.3283|RequestIPMiddleware|INFO|  Url:/ IP:::1 时间：2018/7/19 23:00:02 
2018-07-19 23:00:11.8782|RequestIPMiddleware|INFO|  Url:/ IP:::1 时间：2018/7/19 23:00:11 
2018-07-19 23:00:12.5603|RequestIPMiddleware|INFO|  Url:/ IP:::1 时间：2018/7/19 23:00:12 
2018-07-19 23:00:13.0408|RequestIPMiddleware|INFO|  Url:/ IP:::1 时间：2018/7/19 23:00:13 
2018-07-19 23:07:44.3399|RequestIPMiddleware|INFO|  Url:/User IP:::1 时间：2018/7/19 23:07:44 
2018-07-19 23:07:44.3399|RequestIPMiddleware|INFO|  Url:/Topic/2 IP:::1 时间：2018/7/19 23:07:44 
2018-07-19 23:07:45.9253|RequestIPMiddleware|INFO|  Url:/Topic/2 IP:::1 时间：2018/7/19 23:07:45 
2018-07-19 23:10:15.8688|RequestIPMiddleware|INFO|  Url:/ IP:::1 时间：2018/7/19 23:10:15 
2018-07-19 23:16:52.9634|RequestIPMiddleware|INFO|  Url:/User IP:::1 时间：2018/7/19 23:16:52 
2018-07-19 23:20:30.4427|RequestIPMiddleware|INFO|  Url:/ IP:::1 时间：2018/7/19 23:20:30 
2018-07-19 23:20:55.7060|RequestIPMiddleware|INFO|  Url:/node IP:::1 时间：2018/7/19 23:20:55 
2018-07-19 23:21:14.5620|RequestIPMiddleware|INFO|  Url:/User IP:::1 时间：2018/7/19 23:21:14 
2018-07-19 23:21:18.3325|RequestIPMiddleware|INFO|  Url:/node IP:::1 时间：2018/7/19 23:21:18 
2018-07-19 23:22:57.8052|RequestIPMiddleware|INFO|  Url:/node IP:::1 时间：2018/7/19 23:22:57 
2018-07-19 23:28:56.4395|RequestIPMiddleware|INFO|  Url:/node IP:::1 时间：2018/7/19 23:28:56 
2018-07-19 23:31:37.7024|RequestIPMiddleware|INFO|  Url:/node IP:::1 时间：2018/7/19 23:31:37 
2018-07-19 23:31:56.7028|RequestIPMiddleware|INFO|  Url:/node IP:::1 时间：2018/7/19 23:31:56 
2018-07-19 23:32:16.0499|RequestIPMiddleware|INFO|  Url:/node IP:::1 时间：2018/7/19 23:32:16 
2018-07-19 23:32:43.9382|RequestIPMiddleware|INFO|  Url:/node IP:::1 时间：2018/7/19 23:32:43 
2018-07-19 23:33:15.4734|RequestIPMiddleware|INFO|  Url:/node IP:::1 时间：2018/7/19 23:33:15 
2018-07-19 23:33:26.0425|RequestIPMiddleware|INFO|  Url:/node IP:::1 时间：2018/7/19 23:33:26 
2018-07-19 23:33:45.0463|RequestIPMiddleware|INFO|  Url:/node IP:::1 时间：2018/7/19 23:33:45 
2018-07-19 23:34:04.6074|RequestIPMiddleware|INFO|  Url:/node IP:::1 时间：2018/7/19 23:34:04 
2018-07-19 23:34:22.7916|RequestIPMiddleware|INFO|  Url:/node IP:::1 时间：2018/7/19 23:34:22 
2018-07-19 23:34:35.8267|RequestIPMiddleware|INFO|  Url:/node IP:::1 时间：2018/7/19 23:34:35 
2018-07-19 23:35:13.8856|RequestIPMiddleware|INFO|  Url:/node IP:::1 时间：2018/7/19 23:35:13 
2018-07-19 23:35:28.5287|RequestIPMiddleware|INFO|  Url:/node IP:::1 时间：2018/7/19 23:35:28 
2018-07-19 23:36:11.2587|RequestIPMiddleware|INFO|  Url:/node IP:::1 时间：2018/7/19 23:36:11 
2018-07-19 23:59:13.6969|RequestIPMiddleware|INFO|  Url:/node IP:::1 时间：2018/7/19 23:59:13 
2018-07-19 23:59:29.5219|RequestIPMiddleware|INFO|  Url:/Node/Create/ IP:::1 时间：2018/7/19 23:59:29 
2018-07-19 23:59:58.1925|RequestIPMiddleware|INFO|  Url:/ IP:::1 时间：2018/7/19 23:59:58 
